<?xml version="1.0" encoding="UTF-8"?>
<testsuite name="TasklistTest" tests="1" skipped="0" failures="1" errors="0" timestamp="2022-05-05T21:02:55" hostname="Krishnas-Mini.fritz.box" time="0.178">
  <properties/>
  <testcase name="start" classname="TasklistTest" time="0.178">
    <failure message="java.lang.AssertionError: Wrong answer in test #8&#10;&#10;Your output should contain &quot;1  2022-05-12 17:00 N I&#10;   Cinema: get tickets&#10;   Check movie reviews&#10;&quot;&#10;&#10;Please find below the output of your program during this failed test.&#10;Note that the '&gt;' character indicates the beginning of the input line.&#10;&#10;---&#10;&#10;Input an action (add, print, edit, delete, end):&#10;&gt; add&#10;Input the task priority (C, H, N, L):&#10;&gt; H&#10;Input the date (yyyy-mm-dd):&#10;&gt; 2022-05-05&#10;Input the time (hh:mm):&#10;&gt; 17:00&#10;Input a new task (enter a blank line to end):&#10;&gt; See my dentist&#10;&gt; &#10;Input an action (add, print, edit, delete, end):&#10;&gt; add&#10;Input the task priority (C, H, N, L):&#10;&gt; N&#10;Input the date (yyyy-mm-dd):&#10;&gt; 2022-05-12&#10;Input the time (hh:mm):&#10;&gt; 17:00&#10;Input a new task (enter a blank line to end):&#10;&gt; Cinema: get tickets&#10;&gt; Check movie reviews&#10;&gt; &#10;Input an action (add, print, edit, delete, end):&#10;&gt; add&#10;Input the task priority (C, H, N, L):&#10;&gt; n&#10;Input the date (yyyy-mm-dd):&#10;&gt; 2022-04-28&#10;Input the time (hh:mm):&#10;&gt; 19:00&#10;Input a new task (enter a blank line to end):&#10;&gt; Supermarket&#10;&gt; Chocolates&#10;&gt; flour&#10;&gt; oranges&#10;&gt; &#10;Input an action (add, print, edit, delete, end):&#10;&gt; add&#10;Input the task priority (C, H, N, L):&#10;&gt; l&#10;Input the date (yyyy-mm-dd):&#10;&gt; 2022-05-12&#10;Input the time (hh:mm):&#10;&gt; 12:00&#10;Input a new task (enter a blank line to end):&#10;&gt; Buy book&#10;&gt; &#10;Input an action (add, print, edit, delete, end):&#10;&gt; print&#10;1  2022-05-05 17:00 H T&#10;   See my dentist&#10;&#10;2  2022-05-12 17:00 N I&#10;   Cinema: get tickets&#10;   Check movie reviews&#10;&#10;3  2022-04-28 19:00 N o&#10;   Supermarket&#10;   Chocolates&#10;   flour&#10;   oranges&#10;&#10;4  2022-05-12 12:00 L I&#10;   Buy book&#10;&#10;Input an action (add, print, edit, delete, end):&#10;&gt; delete&#10;1  2022-05-05 17:00 H T&#10;   See my dentist&#10;&#10;2  2022-05-12 17:00 N I&#10;   Cinema: get tickets&#10;   Check movie reviews&#10;&#10;3  2022-04-28 19:00 N o&#10;   Supermarket&#10;   Chocolates&#10;   flour&#10;   oranges&#10;&#10;4  2022-05-12 12:00 L I&#10;   Buy book&#10;&#10;Input the task number (1-4):&#10;&gt; 1&#10;The task is deleted&#10;Input an action (add, print, edit, delete, end):&#10;&gt; delete&#10;2  2022-05-12 17:00 N I&#10;   Cinema: get tickets&#10;   Check movie reviews&#10;&#10;3  2022-04-28 19:00 N o&#10;   Supermarket&#10;   Chocolates&#10;   flour&#10;   oranges&#10;&#10;4  2022-05-12 12:00 L I&#10;   Buy book&#10;&#10;Input the task number (1-3):" type="java.lang.AssertionError">java.lang.AssertionError: Wrong answer in test #8

Your output should contain &quot;1  2022-05-12 17:00 N I
   Cinema: get tickets
   Check movie reviews
&quot;

Please find below the output of your program during this failed test.
Note that the '&gt;' character indicates the beginning of the input line.

---

Input an action (add, print, edit, delete, end):
&gt; add
Input the task priority (C, H, N, L):
&gt; H
Input the date (yyyy-mm-dd):
&gt; 2022-05-05
Input the time (hh:mm):
&gt; 17:00
Input a new task (enter a blank line to end):
&gt; See my dentist
&gt; 
Input an action (add, print, edit, delete, end):
&gt; add
Input the task priority (C, H, N, L):
&gt; N
Input the date (yyyy-mm-dd):
&gt; 2022-05-12
Input the time (hh:mm):
&gt; 17:00
Input a new task (enter a blank line to end):
&gt; Cinema: get tickets
&gt; Check movie reviews
&gt; 
Input an action (add, print, edit, delete, end):
&gt; add
Input the task priority (C, H, N, L):
&gt; n
Input the date (yyyy-mm-dd):
&gt; 2022-04-28
Input the time (hh:mm):
&gt; 19:00
Input a new task (enter a blank line to end):
&gt; Supermarket
&gt; Chocolates
&gt; flour
&gt; oranges
&gt; 
Input an action (add, print, edit, delete, end):
&gt; add
Input the task priority (C, H, N, L):
&gt; l
Input the date (yyyy-mm-dd):
&gt; 2022-05-12
Input the time (hh:mm):
&gt; 12:00
Input a new task (enter a blank line to end):
&gt; Buy book
&gt; 
Input an action (add, print, edit, delete, end):
&gt; print
1  2022-05-05 17:00 H T
   See my dentist

2  2022-05-12 17:00 N I
   Cinema: get tickets
   Check movie reviews

3  2022-04-28 19:00 N o
   Supermarket
   Chocolates
   flour
   oranges

4  2022-05-12 12:00 L I
   Buy book

Input an action (add, print, edit, delete, end):
&gt; delete
1  2022-05-05 17:00 H T
   See my dentist

2  2022-05-12 17:00 N I
   Cinema: get tickets
   Check movie reviews

3  2022-04-28 19:00 N o
   Supermarket
   Chocolates
   flour
   oranges

4  2022-05-12 12:00 L I
   Buy book

Input the task number (1-4):
&gt; 1
The task is deleted
Input an action (add, print, edit, delete, end):
&gt; delete
2  2022-05-12 17:00 N I
   Cinema: get tickets
   Check movie reviews

3  2022-04-28 19:00 N o
   Supermarket
   Chocolates
   flour
   oranges

4  2022-05-12 12:00 L I
   Buy book

Input the task number (1-3):
	at org.junit.Assert.fail(Assert.java:88)
	at org.hyperskill.hstest.stage.StageTest.start(StageTest.java:155)
	at java.base/jdk.internal.reflect.NativeMethodAccessorImpl.invoke0(Native Method)
	at java.base/jdk.internal.reflect.NativeMethodAccessorImpl.invoke(NativeMethodAccessorImpl.java:77)
	at java.base/jdk.internal.reflect.DelegatingMethodAccessorImpl.invoke(DelegatingMethodAccessorImpl.java:43)
	at java.base/java.lang.reflect.Method.invoke(Method.java:568)
	at org.junit.runners.model.FrameworkMethod$1.runReflectiveCall(FrameworkMethod.java:50)
	at org.junit.internal.runners.model.ReflectiveCallable.run(ReflectiveCallable.java:12)
	at org.junit.runners.model.FrameworkMethod.invokeExplosively(FrameworkMethod.java:47)
	at org.junit.internal.runners.statements.InvokeMethod.evaluate(InvokeMethod.java:17)
	at org.junit.runners.ParentRunner.runLeaf(ParentRunner.java:325)
	at org.junit.runners.BlockJUnit4ClassRunner.runChild(BlockJUnit4ClassRunner.java:78)
	at org.junit.runners.BlockJUnit4ClassRunner.runChild(BlockJUnit4ClassRunner.java:57)
	at org.junit.runners.ParentRunner$3.run(ParentRunner.java:290)
	at org.junit.runners.ParentRunner$1.schedule(ParentRunner.java:71)
	at org.junit.runners.ParentRunner.runChildren(ParentRunner.java:288)
	at org.junit.runners.ParentRunner.access$000(ParentRunner.java:58)
	at org.junit.runners.ParentRunner$2.evaluate(ParentRunner.java:268)
	at org.junit.runners.ParentRunner.run(ParentRunner.java:363)
	at org.gradle.api.internal.tasks.testing.junit.JUnitTestClassExecutor.runTestClass(JUnitTestClassExecutor.java:110)
	at org.gradle.api.internal.tasks.testing.junit.JUnitTestClassExecutor.execute(JUnitTestClassExecutor.java:58)
	at org.gradle.api.internal.tasks.testing.junit.JUnitTestClassExecutor.execute(JUnitTestClassExecutor.java:38)
	at org.gradle.api.internal.tasks.testing.junit.AbstractJUnitTestClassProcessor.processTestClass(AbstractJUnitTestClassProcessor.java:62)
	at org.gradle.api.internal.tasks.testing.SuiteTestClassProcessor.processTestClass(SuiteTestClassProcessor.java:51)
	at java.base/jdk.internal.reflect.NativeMethodAccessorImpl.invoke0(Native Method)
	at java.base/jdk.internal.reflect.NativeMethodAccessorImpl.invoke(NativeMethodAccessorImpl.java:77)
	at java.base/jdk.internal.reflect.DelegatingMethodAccessorImpl.invoke(DelegatingMethodAccessorImpl.java:43)
	at java.base/java.lang.reflect.Method.invoke(Method.java:568)
	at org.gradle.internal.dispatch.ReflectionDispatch.dispatch(ReflectionDispatch.java:36)
	at org.gradle.internal.dispatch.ReflectionDispatch.dispatch(ReflectionDispatch.java:24)
	at org.gradle.internal.dispatch.ContextClassLoaderDispatch.dispatch(ContextClassLoaderDispatch.java:33)
	at org.gradle.internal.dispatch.ProxyDispatchAdapter$DispatchingInvocationHandler.invoke(ProxyDispatchAdapter.java:94)
	at jdk.proxy1/jdk.proxy1.$Proxy2.processTestClass(Unknown Source)
	at org.gradle.api.internal.tasks.testing.worker.TestWorker$2.run(TestWorker.java:176)
	at org.gradle.api.internal.tasks.testing.worker.TestWorker.executeAndMaintainThreadName(TestWorker.java:129)
	at org.gradle.api.internal.tasks.testing.worker.TestWorker.execute(TestWorker.java:100)
	at org.gradle.api.internal.tasks.testing.worker.TestWorker.execute(TestWorker.java:60)
	at org.gradle.process.internal.worker.child.ActionExecutionWorker.execute(ActionExecutionWorker.java:56)
	at org.gradle.process.internal.worker.child.SystemApplicationClassLoaderWorker.call(SystemApplicationClassLoaderWorker.java:133)
	at org.gradle.process.internal.worker.child.SystemApplicationClassLoaderWorker.call(SystemApplicationClassLoaderWorker.java:71)
	at worker.org.gradle.process.internal.worker.GradleWorkerMain.run(GradleWorkerMain.java:69)
	at worker.org.gradle.process.internal.worker.GradleWorkerMain.main(GradleWorkerMain.java:74)
</failure>
  </testcase>
  <system-out><![CDATA[?[1;31m
Start test 1?[0m
Input an action (add, print, edit, delete, end):
> input
The input action is invalid
Input an action (add, print, edit, delete, end):
> task
The input action is invalid
Input an action (add, print, edit, delete, end):
> 
The input action is invalid
Input an action (add, print, edit, delete, end):
> 123
The input action is invalid
Input an action (add, print, edit, delete, end):
>  
The input action is invalid
Input an action (add, print, edit, delete, end):
> end
Tasklist exiting!
?[1;31m
Start test 2?[0m
Input an action (add, print, edit, delete, end):
> add
Input the task priority (C, H, N, L):
> normal
Input the task priority (C, H, N, L):
> Critical
Input the task priority (C, H, N, L):
> low
Input the task priority (C, H, N, L):
> high
Input the task priority (C, H, N, L):
>  
Input the task priority (C, H, N, L):
> N
Input the date (yyyy-mm-dd):
> 2022-1-1
Input the time (hh:mm):
> 0:0
Input a new task (enter a blank line to end):
> Happy new year!
> 
Input an action (add, print, edit, delete, end):
> end
Tasklist exiting!
?[1;31m
Start test 3?[0m
Input an action (add, print, edit, delete, end):
> add
Input the task priority (C, H, N, L):
> N
Input the date (yyyy-mm-dd):
> 2021-2-29
The input date is invalid
Input the date (yyyy-mm-dd):
> 2021-13-1
The input date is invalid
Input the date (yyyy-mm-dd):
> 2021-12-32
The input date is invalid
Input the date (yyyy-mm-dd):
> thisDay
The input date is invalid
Input the date (yyyy-mm-dd):
>  
The input date is invalid
Input the date (yyyy-mm-dd):
> 2022-1-1
Input the time (hh:mm):
> 0:0
Input a new task (enter a blank line to end):
> Happy new year!
> 
Input an action (add, print, edit, delete, end):
> end
Tasklist exiting!
?[1;31m
Start test 4?[0m
Input an action (add, print, edit, delete, end):
> add
Input the task priority (C, H, N, L):
> N
Input the date (yyyy-mm-dd):
> 2022-1-1
Input the time (hh:mm):
> 24:00
The input time is invalid
Input the time (hh:mm):
> 12:60
The input time is invalid
Input the time (hh:mm):
> 12.12
The input time is invalid
Input the time (hh:mm):
> thisTime
The input time is invalid
Input the time (hh:mm):
>  
The input time is invalid
Input the time (hh:mm):
> 0:0
Input a new task (enter a blank line to end):
> Happy new year!
> 
Input an action (add, print, edit, delete, end):
> end
Tasklist exiting!
?[1;31m
Start test 5?[0m
Input an action (add, print, edit, delete, end):
> add
Input the task priority (C, H, N, L):
> N
Input the date (yyyy-mm-dd):
> 2022-1-1
Input the time (hh:mm):
> 0:0
Input a new task (enter a blank line to end):
>      
The task is blank
Input an action (add, print, edit, delete, end):
> end
Tasklist exiting!
?[1;31m
Start test 6?[0m
Input an action (add, print, edit, delete, end):
> print
No tasks have been input
Input an action (add, print, edit, delete, end):
> edit
No tasks have been input
Input an action (add, print, edit, delete, end):
> delete
No tasks have been input
Input an action (add, print, edit, delete, end):
> end
Tasklist exiting!
?[1;31m
Start test 7?[0m
Input an action (add, print, edit, delete, end):
> add
Input the task priority (C, H, N, L):
> H
Input the date (yyyy-mm-dd):
> 2022-05-05
Input the time (hh:mm):
> 17:00
Input a new task (enter a blank line to end):
> See my dentist
> 
Input an action (add, print, edit, delete, end):
> add
Input the task priority (C, H, N, L):
> N
Input the date (yyyy-mm-dd):
> 2022-05-12
Input the time (hh:mm):
> 17:00
Input a new task (enter a blank line to end):
> Cinema: get tickets
> Check movie reviews
> 
Input an action (add, print, edit, delete, end):
> add
Input the task priority (C, H, N, L):
> n
Input the date (yyyy-mm-dd):
> 2022-04-28
Input the time (hh:mm):
> 19:00
Input a new task (enter a blank line to end):
> Supermarket
> Chocolates
> flour
> oranges
> 
Input an action (add, print, edit, delete, end):
> add
Input the task priority (C, H, N, L):
> l
Input the date (yyyy-mm-dd):
> 2022-05-12
Input the time (hh:mm):
> 12:00
Input a new task (enter a blank line to end):
> Buy book
> 
Input an action (add, print, edit, delete, end):
> add
Input the task priority (C, H, N, L):
> N
Input the date (yyyy-mm-dd):
> 2022-05-05
Input the time (hh:mm):
> 12:00
Input a new task (enter a blank line to end):
> Check new software
> 
Input an action (add, print, edit, delete, end):
> add
Input the task priority (C, H, N, L):
> C
Input the date (yyyy-mm-dd):
> 2022-04-28
Input the time (hh:mm):
> 16:00
Input a new task (enter a blank line to end):
> Fill car tank
> 
Input an action (add, print, edit, delete, end):
> add
Input the task priority (C, H, N, L):
> c
Input the date (yyyy-mm-dd):
> 2022-05-12
Input the time (hh:mm):
> 18:15
Input a new task (enter a blank line to end):
> Pay phone bill
> 
Input an action (add, print, edit, delete, end):
> add
Input the task priority (C, H, N, L):
> l
Input the date (yyyy-mm-dd):
> 2022-05-12
Input the time (hh:mm):
> 18:15
Input a new task (enter a blank line to end):
> Pay water bill
> 
Input an action (add, print, edit, delete, end):
> add
Input the task priority (C, H, N, L):
> L
Input the date (yyyy-mm-dd):
> 2022-04-28
Input the time (hh:mm):
> 08:05
Input a new task (enter a blank line to end):
> Buy flowers
> 
Input an action (add, print, edit, delete, end):
> add
Input the task priority (C, H, N, L):
> C
Input the date (yyyy-mm-dd):
> 2022-05-05
Input the time (hh:mm):
> 12:00
Input a new task (enter a blank line to end):
> Fix printer
> 
Input an action (add, print, edit, delete, end):
> add
Input the task priority (C, H, N, L):
> h
Input the date (yyyy-mm-dd):
> 2022-04-28
Input the time (hh:mm):
> 12:00
Input a new task (enter a blank line to end):
> Change site
> Use Christmas theme
> 
Input an action (add, print, edit, delete, end):
> add
Input the task priority (C, H, N, L):
> l
Input the date (yyyy-mm-dd):
> 2022-05-12
Input the time (hh:mm):
> 12:00
Input a new task (enter a blank line to end):
> Present for friend birthday
> 
Input an action (add, print, edit, delete, end):
> print
1  2022-05-05 17:00 H T
   See my dentist

2  2022-05-12 17:00 N I
   Cinema: get tickets
   Check movie reviews

3  2022-04-28 19:00 N o
   Supermarket
   Chocolates
   flour
   oranges

4  2022-05-12 12:00 L I
   Buy book

5  2022-05-05 12:00 N T
   Check new software

6  2022-04-28 16:00 C o
   Fill car tank

7  2022-05-12 18:15 C I
   Pay phone bill

8  2022-05-12 18:15 L I
   Pay water bill

9  2022-04-28 08:05 L o
   Buy flowers

10 2022-05-05 12:00 C T
   Fix printer

11 2022-04-28 12:00 H o
   Change site
   Use Christmas theme

12 2022-05-12 12:00 L I
   Present for friend birthday

Input an action (add, print, edit, delete, end):
> end
Tasklist exiting!
?[1;31m
Start test 8?[0m
Input an action (add, print, edit, delete, end):
> add
Input the task priority (C, H, N, L):
> H
Input the date (yyyy-mm-dd):
> 2022-05-05
Input the time (hh:mm):
> 17:00
Input a new task (enter a blank line to end):
> See my dentist
> 
Input an action (add, print, edit, delete, end):
> add
Input the task priority (C, H, N, L):
> N
Input the date (yyyy-mm-dd):
> 2022-05-12
Input the time (hh:mm):
> 17:00
Input a new task (enter a blank line to end):
> Cinema: get tickets
> Check movie reviews
> 
Input an action (add, print, edit, delete, end):
> add
Input the task priority (C, H, N, L):
> n
Input the date (yyyy-mm-dd):
> 2022-04-28
Input the time (hh:mm):
> 19:00
Input a new task (enter a blank line to end):
> Supermarket
> Chocolates
> flour
> oranges
> 
Input an action (add, print, edit, delete, end):
> add
Input the task priority (C, H, N, L):
> l
Input the date (yyyy-mm-dd):
> 2022-05-12
Input the time (hh:mm):
> 12:00
Input a new task (enter a blank line to end):
> Buy book
> 
Input an action (add, print, edit, delete, end):
> print
1  2022-05-05 17:00 H T
   See my dentist

2  2022-05-12 17:00 N I
   Cinema: get tickets
   Check movie reviews

3  2022-04-28 19:00 N o
   Supermarket
   Chocolates
   flour
   oranges

4  2022-05-12 12:00 L I
   Buy book

Input an action (add, print, edit, delete, end):
> delete
1  2022-05-05 17:00 H T
   See my dentist

2  2022-05-12 17:00 N I
   Cinema: get tickets
   Check movie reviews

3  2022-04-28 19:00 N o
   Supermarket
   Chocolates
   flour
   oranges

4  2022-05-12 12:00 L I
   Buy book

Input the task number (1-4):
> 1
The task is deleted
Input an action (add, print, edit, delete, end):
> delete
2  2022-05-12 17:00 N I
   Cinema: get tickets
   Check movie reviews

3  2022-04-28 19:00 N o
   Supermarket
   Chocolates
   flour
   oranges

4  2022-05-12 12:00 L I
   Buy book

Input the task number (1-3):
]]></system-out>
  <system-err><![CDATA[]]></system-err>
</testsuite>
